<?xml version="1.0" encoding="UTF-8"?>
<testng-results ignored="0" total="1" passed="1" failed="0" skipped="0">
  <reporter-output>
  </reporter-output>
  <suite started-at="2024-03-12T17:19:45 IST" name="Default suite" finished-at="2024-03-12T17:20:01 IST" duration-ms="16089">
    <groups>
    </groups>
    <test started-at="2024-03-12T17:19:45 IST" name="Default test" finished-at="2024-03-12T17:20:01 IST" duration-ms="16089">
      <class name="TestNgpkg.Saucedemo">
        <test-method is-config="true" signature="setUp()[pri:0, instance:TestNgpkg.Saucedemo@d86a6f]" started-at="2024-03-12T17:19:45 IST" name="setUp" finished-at="2024-03-12T17:19:59 IST" duration-ms="13493" status="PASS">
          <reporter-output>
          </reporter-output>
        </test-method> <!-- setUp -->
        <test-method signature="fblogin()[pri:0, instance:TestNgpkg.Saucedemo@d86a6f]" started-at="2024-03-12T17:19:59 IST" name="fblogin" finished-at="2024-03-12T17:20:01 IST" duration-ms="2558" status="PASS">
          <reporter-output>
          </reporter-output>
        </test-method> <!-- fblogin -->
      </class> <!-- TestNgpkg.Saucedemo -->
    </test> <!-- Default test -->
  </suite> <!-- Default suite -->
</testng-results>
